  Wall.cpp
c:\users\amine\desktop\projet\zroguegame\zroguegame\zroguegame\wall.cpp(61): warning C4244: 'argument' : conversion de 'std::size_t' en 'float', perte possible de données
  TextDisplay.cpp
  PlayState.cpp
c:\users\amine\desktop\projet\zroguegame\zroguegame\zroguegame\playstate.cpp(28): warning C4244: 'argument' : conversion de 'time_t' en 'unsigned int', perte possible de données
  Player.cpp
c:\users\amine\desktop\projet\zroguegame\zroguegame\zroguegame\player.cpp(186): warning C4244: '*=' : conversion de 'double' en 'int', perte possible de données
c:\users\amine\desktop\projet\zroguegame\zroguegame\zroguegame\player.cpp(188): warning C4305: '-=' : troncation de 'double' à 'float'
c:\users\amine\desktop\projet\zroguegame\zroguegame\zroguegame\player.cpp(225): warning C4018: '<' : incompatibilité signed/unsigned
c:\users\amine\desktop\projet\zroguegame\zroguegame\zroguegame\player.cpp(234): warning C4018: '<' : incompatibilité signed/unsigned
  NewGameState.cpp
  Game.cpp
  Entity.cpp
  Enemy.cpp
c:\users\amine\desktop\projet\zroguegame\zroguegame\zroguegame\enemy.cpp(82): warning C4018: '<' : incompatibilité signed/unsigned
c:\users\amine\desktop\projet\zroguegame\zroguegame\zroguegame\enemy.cpp(163): warning C4244: 'argument' : conversion de 'int' en 'float', perte possible de données
  Database.cpp
c:\users\amine\desktop\projet\zroguegame\zroguegame\zroguegame\database.cpp(13): warning C4150: suppression de pointeur vers type incomplet 'sqlite3' ; aucun destructeur appelé
  c:\users\amine\desktop\projet\zroguegame\zroguegame\zroguegame\sqlite3.h(246): note: voir la déclaration de 'sqlite3'
c:\users\amine\desktop\projet\zroguegame\zroguegame\zroguegame\database.cpp(159): warning C4244: 'argument' : conversion de 'double' en 'float', perte possible de données
c:\users\amine\desktop\projet\zroguegame\zroguegame\zroguegame\database.cpp(160): warning C4244: 'argument' : conversion de 'double' en 'float', perte possible de données
c:\users\amine\desktop\projet\zroguegame\zroguegame\zroguegame\database.cpp(216): warning C4244: 'argument' : conversion de 'double' en 'float', perte possible de données
c:\users\amine\desktop\projet\zroguegame\zroguegame\zroguegame\database.cpp(217): warning C4244: 'argument' : conversion de 'double' en 'float', perte possible de données
c:\users\amine\desktop\projet\zroguegame\zroguegame\zroguegame\database.cpp(195): warning C4101: 'i' : variable locale non référencée
  Génération de code en cours...
  Compilation en cours...
  StateMachine.cpp
  RessourceHolder.cpp
  Projectile.cpp
  OptionState.cpp
  NewPlayerState.cpp
  MenuState.cpp
  main.cpp
  GameOverState.cpp
  Character.cpp
  Génération de code en cours...
  zRogueGame.vcxproj -> C:\Users\Amine\Desktop\PROJET\zRogueGame\zRogueGame\Debug\zRogueGame.exe
  zRogueGame.vcxproj -> C:\Users\Amine\Desktop\PROJET\zRogueGame\zRogueGame\Debug\zRogueGame.pdb (Partial PDB)
c:\users\amine\desktop\projet\zroguegame\zroguegame\zroguegame\sqlite3.c(43424): warning BK4504: le fichier contient trop de rÚfÚrencesá; les rÚfÚrences ultÚrieures provenant de cette source seront ignorÚes
