c:\users\amine\desktop\projet\zroguegame\zroguegame\debug\zroguegame.bsc
c:\users\amine\desktop\projet\zroguegame\zroguegame\zroguegame\debug\vc140.pdb
c:\users\amine\desktop\projet\zroguegame\zroguegame\zroguegame\debug\vc140.idb
c:\users\amine\desktop\projet\zroguegame\zroguegame\zroguegame\debug\enemy.sbr
c:\users\amine\desktop\projet\zroguegame\zroguegame\zroguegame\debug\enemy.obj
c:\users\amine\desktop\projet\zroguegame\zroguegame\zroguegame\debug\game.sbr
c:\users\amine\desktop\projet\zroguegame\zroguegame\zroguegame\debug\game.obj
c:\users\amine\desktop\projet\zroguegame\zroguegame\zroguegame\debug\menustate.sbr
c:\users\amine\desktop\projet\zroguegame\zroguegame\zroguegame\debug\menustate.obj
c:\users\amine\desktop\projet\zroguegame\zroguegame\zroguegame\debug\optionstate.sbr
c:\users\amine\desktop\projet\zroguegame\zroguegame\zroguegame\debug\optionstate.obj
c:\users\amine\desktop\projet\zroguegame\zroguegame\zroguegame\debug\player.sbr
c:\users\amine\desktop\projet\zroguegame\zroguegame\zroguegame\debug\player.obj
c:\users\amine\desktop\projet\zroguegame\zroguegame\zroguegame\debug\playstate.sbr
c:\users\amine\desktop\projet\zroguegame\zroguegame\zroguegame\debug\playstate.obj
c:\users\amine\desktop\projet\zroguegame\zroguegame\zroguegame\debug\wall.sbr
c:\users\amine\desktop\projet\zroguegame\zroguegame\zroguegame\debug\wall.obj
c:\users\amine\desktop\projet\zroguegame\zroguegame\zroguegame\debug\main.sbr
c:\users\amine\desktop\projet\zroguegame\zroguegame\zroguegame\debug\main.obj
c:\users\amine\desktop\projet\zroguegame\zroguegame\zroguegame\debug\database.sbr
c:\users\amine\desktop\projet\zroguegame\zroguegame\zroguegame\debug\statemachine.sbr
c:\users\amine\desktop\projet\zroguegame\zroguegame\zroguegame\debug\statemachine.obj
c:\users\amine\desktop\projet\zroguegame\zroguegame\zroguegame\debug\character.sbr
c:\users\amine\desktop\projet\zroguegame\zroguegame\zroguegame\debug\character.obj
c:\users\amine\desktop\projet\zroguegame\zroguegame\debug\zroguegame.ilk
c:\users\amine\desktop\projet\zroguegame\zroguegame\debug\zroguegame.exe
c:\users\amine\desktop\projet\zroguegame\zroguegame\debug\zroguegame.pdb
c:\users\amine\desktop\projet\zroguegame\zroguegame\zroguegame\debug\entity.obj
c:\users\amine\desktop\projet\zroguegame\zroguegame\zroguegame\debug\projectile.obj
c:\users\amine\desktop\projet\zroguegame\zroguegame\zroguegame\debug\ressourceholder.obj
c:\users\amine\desktop\projet\zroguegame\zroguegame\zroguegame\debug\game.new.obj.enc
c:\users\amine\desktop\projet\zroguegame\zroguegame\zroguegame\debug\player.obj.enc
c:\users\amine\desktop\projet\zroguegame\zroguegame\zroguegame\debug\entity.sbr
c:\users\amine\desktop\projet\zroguegame\zroguegame\zroguegame\debug\projectile.sbr
c:\users\amine\desktop\projet\zroguegame\zroguegame\zroguegame\debug\ressourceholder.sbr
c:\users\amine\desktop\projet\zroguegame\zroguegame\zroguegame\debug\zroguegame.tlog\bscmake.command.1.tlog
c:\users\amine\desktop\projet\zroguegame\zroguegame\zroguegame\debug\zroguegame.tlog\bscmake.read.1.tlog
c:\users\amine\desktop\projet\zroguegame\zroguegame\zroguegame\debug\zroguegame.tlog\bscmake.write.1.tlog
c:\users\amine\desktop\projet\zroguegame\zroguegame\zroguegame\debug\zroguegame.tlog\cl.command.1.tlog
c:\users\amine\desktop\projet\zroguegame\zroguegame\zroguegame\debug\zroguegame.tlog\cl.read.1.tlog
c:\users\amine\desktop\projet\zroguegame\zroguegame\zroguegame\debug\zroguegame.tlog\cl.write.1.tlog
c:\users\amine\desktop\projet\zroguegame\zroguegame\zroguegame\debug\zroguegame.tlog\link.command.1.tlog
c:\users\amine\desktop\projet\zroguegame\zroguegame\zroguegame\debug\zroguegame.tlog\link.read.1.tlog
c:\users\amine\desktop\projet\zroguegame\zroguegame\zroguegame\debug\zroguegame.tlog\link.write.1.tlog
