  Character.cpp
  Database.cpp
Database.cpp(14): warning C4150: suppression de pointeur vers type incomplet 'sqlite3' ; aucun destructeur appelé
  c:\users\amine\desktop\projet\zroguegame\zroguegame\zroguegame\sqlite3.h(246): note: voir la déclaration de 'sqlite3'
Database.cpp(160): warning C4244: 'argument' : conversion de 'double' en 'float', perte possible de données
Database.cpp(161): warning C4244: 'argument' : conversion de 'double' en 'float', perte possible de données
Database.cpp(221): warning C4244: 'argument' : conversion de 'double' en 'float', perte possible de données
Database.cpp(222): warning C4244: 'argument' : conversion de 'double' en 'float', perte possible de données
Database.cpp(200): warning C4101: 'i' : variable locale non référencée
  Enemy.cpp
Enemy.cpp(82): warning C4018: '<' : incompatibilité signed/unsigned
Enemy.cpp(161): warning C4244: 'argument' : conversion de 'int' en 'float', perte possible de données
  Game.cpp
  GameOverState.cpp
  MenuState.cpp
  NewGameState.cpp
  NewPlayerState.cpp
  OptionState.cpp
  PlayState.cpp
PlayState.cpp(26): warning C4244: 'argument' : conversion de 'time_t' en 'unsigned int', perte possible de données
  Player.cpp
Player.cpp(187): warning C4244: '*=' : conversion de 'double' en 'int', perte possible de données
Player.cpp(189): warning C4305: '-=' : troncation de 'double' à 'float'
  Projectile.cpp
  RessourceHolder.cpp
  StateMachine.cpp
  TextDisplay.cpp
  Wall.cpp
Wall.cpp(60): warning C4244: 'argument' : conversion de 'std::size_t' en 'float', perte possible de données
  main.cpp
  Génération de code en cours
  0 of 3332 functions ( 0.0%) were compiled, the rest were copied from previous compilation.
    0 functions were new in current compilation
    0 functions had inline decision re-evaluated but remain unchanged
  Fin de la génération du code
  zRogueGame.vcxproj -> C:\Users\Amine\Desktop\PROJET\zRogueGame\zRogueGame\Release\zRogueGame.exe
  zRogueGame.vcxproj -> C:\Users\Amine\Desktop\PROJET\zRogueGame\zRogueGame\Release\zRogueGame.pdb (Full PDB)
