c:\users\amine\desktop\projet\zroguegame\zroguegame\zroguegame\release\vc140.pdb
c:\users\amine\desktop\projet\zroguegame\zroguegame\zroguegame\release\wall.obj
c:\users\amine\desktop\projet\zroguegame\zroguegame\zroguegame\release\statemachine.obj
c:\users\amine\desktop\projet\zroguegame\zroguegame\zroguegame\release\ressourceholder.obj
c:\users\amine\desktop\projet\zroguegame\zroguegame\zroguegame\release\projectile.obj
c:\users\amine\desktop\projet\zroguegame\zroguegame\zroguegame\release\playstate.obj
c:\users\amine\desktop\projet\zroguegame\zroguegame\zroguegame\release\player.obj
c:\users\amine\desktop\projet\zroguegame\zroguegame\zroguegame\release\optionstate.obj
c:\users\amine\desktop\projet\zroguegame\zroguegame\zroguegame\release\newplayerstate.obj
c:\users\amine\desktop\projet\zroguegame\zroguegame\zroguegame\release\newgamestate.obj
c:\users\amine\desktop\projet\zroguegame\zroguegame\zroguegame\release\menustate.obj
c:\users\amine\desktop\projet\zroguegame\zroguegame\zroguegame\release\main.obj
c:\users\amine\desktop\projet\zroguegame\zroguegame\zroguegame\release\gameoverstate.obj
c:\users\amine\desktop\projet\zroguegame\zroguegame\zroguegame\release\game.obj
c:\users\amine\desktop\projet\zroguegame\zroguegame\zroguegame\release\entity.obj
c:\users\amine\desktop\projet\zroguegame\zroguegame\zroguegame\release\enemy.obj
c:\users\amine\desktop\projet\zroguegame\zroguegame\zroguegame\release\database.obj
c:\users\amine\desktop\projet\zroguegame\zroguegame\zroguegame\release\character.obj
c:\users\amine\desktop\projet\zroguegame\zroguegame\zroguegame\release\sqlite3.obj
c:\users\amine\desktop\projet\zroguegame\zroguegame\zroguegame\release\textdisplay.obj
c:\users\amine\desktop\projet\zroguegame\zroguegame\release\zroguegame.exe
c:\users\amine\desktop\projet\zroguegame\zroguegame\release\zroguegame.ipdb
c:\users\amine\desktop\projet\zroguegame\zroguegame\release\zroguegame.iobj
c:\users\amine\desktop\projet\zroguegame\zroguegame\release\zroguegame.pdb
c:\users\amine\desktop\projet\zroguegame\zroguegame\zroguegame\release\zroguegame.tlog\cl.command.1.tlog
c:\users\amine\desktop\projet\zroguegame\zroguegame\zroguegame\release\zroguegame.tlog\cl.read.1.tlog
c:\users\amine\desktop\projet\zroguegame\zroguegame\zroguegame\release\zroguegame.tlog\cl.write.1.tlog
c:\users\amine\desktop\projet\zroguegame\zroguegame\zroguegame\release\zroguegame.tlog\link.command.1.tlog
c:\users\amine\desktop\projet\zroguegame\zroguegame\zroguegame\release\zroguegame.tlog\link.read.1.tlog
c:\users\amine\desktop\projet\zroguegame\zroguegame\zroguegame\release\zroguegame.tlog\link.write.1.tlog
